2018-01-27 14:12:36 Rozpoczecie pobierania plakatu:Pirates of Carribean
2018-01-27 14:12:36 Zakonczenie zapisywania plakatu:Pirates of Carribean
2018-01-27 14:12:36 Rozpoczecie pobierania plakatu:The Legend of Tarzan
2018-01-27 14:12:37 Zakonczenie zapisywania plakatu:The Legend of Tarzan
2018-01-27 14:12:37 Rozpoczecie pobierania plakatu:The Founder
2018-01-27 14:12:37 Zakonczenie zapisywania plakatu:The Founder
2018-01-27 14:12:37 Rozpoczecie pobierania plakatu:Captain America: Civil War
2018-01-27 14:12:37 Zakonczenie zapisywania plakatu:Captain America: Civil War
2018-01-27 14:12:37 Rozpoczecie pobierania plakatu:Dead Men tell No Tales
2018-01-27 14:12:38 Zakonczenie zapisywania plakatu:Dead Men tell No Tales
2018-01-27 14:12:38 Rozpoczecie pobierania plakatu:Rings
2018-01-27 14:12:39 Zakonczenie zapisywania plakatu:Rings
2018-01-27 14:12:39 Rozpoczecie pobierania plakatu:Blade Runner 2049
2018-01-27 14:12:39 Zakonczenie zapisywania plakatu:Blade Runner 2049
2018-01-27 14:12:39 Rozpoczecie pobierania plakatu:Thor
2018-01-27 14:12:39 Zakonczenie zapisywania plakatu:Thor
2018-01-27 14:12:39 Rozpoczecie pobierania plakatu:Get Out
2018-01-27 14:12:40 Zakonczenie zapisywania plakatu:Get Out
2018-01-27 14:12:40 Rozpoczecie pobierania plakatu:Okja
2018-01-27 14:12:40 Zakonczenie zapisywania plakatu:Okja
2018-01-27 14:12:40 Rozpoczecie pobierania plakatu:London Has Fallen
2018-01-27 14:12:40 Zakonczenie zapisywania plakatu:London Has Fallen
2018-01-27 14:12:41 Rozpoczecie pobierania plakatu: 1  
2018-01-27 14:12:41 Rozpoczecie pobierania plakatu: 2  
2018-01-27 14:12:41 Rozpoczecie pobierania plakatu: 3  
2018-01-27 14:12:41 Rozpoczecie pobierania plakatu: 4  
2018-01-27 14:12:42 Rozpoczecie pobierania plakatu: 5  
2018-01-27 14:12:42 Rozpoczecie pobierania plakatu: 6  
2018-01-27 14:12:43 Rozpoczecie pobierania plakatu: 7  
2018-01-27 14:12:43 Rozpoczecie pobierania plakatu: 8  
2018-01-27 14:12:44 Rozpoczecie pobierania plakatu: 9  
2018-01-27 14:12:44 Rozpoczecie pobierania plakatu: 10  
2018-01-27 14:12:44 Rozpoczecie pobierania plakatu: 11  
2018-01-27 14:12:44 Rozpoczecie pobierania plakatu: 12  
