2018-01-28 10:39:58 - Czas pobrania pliku (Picture)
2018-01-28 10:39:58 - Czas skonczenia pobrania pliku (Picture)
2018-01-28 11:41:11 Rozpoczecie pobierania PLAKATU:Pirates of Carribean
2018-01-28 11:41:11 Zakonczenie pobierania PLAKATU:Pirates of Carribean
2018-01-28 11:41:11 Rozpoczecie pobierania PLAKATU:The Legend of Tarzan
2018-01-28 11:41:12 Zakonczenie pobierania PLAKATU:The Legend of Tarzan
2018-01-28 11:41:12 Rozpoczecie pobierania PLAKATU:The Founder
2018-01-28 11:41:12 Zakonczenie pobierania PLAKATU:The Founder
2018-01-28 11:41:12 Rozpoczecie pobierania PLAKATU:Captain America: Civil War
2018-01-28 11:41:13 Zakonczenie pobierania PLAKATU:Captain America: Civil War
2018-01-28 11:41:13 Rozpoczecie pobierania PLAKATU:Dead Men tell No Tales
2018-01-28 11:41:13 Zakonczenie pobierania PLAKATU:Dead Men tell No Tales
2018-01-28 11:41:13 Rozpoczecie pobierania PLAKATU:Rings
2018-01-28 11:41:15 Zakonczenie pobierania PLAKATU:Rings
2018-01-28 11:41:15 Rozpoczecie pobierania PLAKATU:Blade Runner 2049
2018-01-28 11:41:15 Zakonczenie pobierania PLAKATU:Blade Runner 2049
2018-01-28 11:41:15 Rozpoczecie pobierania PLAKATU:Thor
2018-01-28 11:41:16 Zakonczenie pobierania PLAKATU:Thor
2018-01-28 11:41:16 Rozpoczecie pobierania PLAKATU:Get Out
2018-01-28 11:41:18 Zakonczenie pobierania PLAKATU:Get Out
2018-01-28 11:41:18 Rozpoczecie pobierania PLAKATU:Okja
2018-01-28 11:41:18 Zakonczenie pobierania PLAKATU:Okja
2018-01-28 11:41:18 Rozpoczecie pobierania PLAKATU:London Has Fallen
2018-01-28 11:41:18 Zakonczenie pobierania PLAKATU:London Has Fallen
2018-01-28 11:41:18 Rozpoczecie pobierania SHOTA:Pirates of Carribean
2018-01-28 11:41:19 Zakonczenie pobierania SHOTA:Pirates of Carribean
2018-01-28 11:41:19 Rozpoczecie pobierania SHOTA:The Legend of Tarzan
2018-01-28 11:41:19 Zakonczenie pobierania SHOTA:The Legend of Tarzan
2018-01-28 11:41:19 Rozpoczecie pobierania SHOTA:The Founder
2018-01-28 11:41:19 Zakonczenie pobierania SHOTA:The Founder
2018-01-28 11:41:19 Rozpoczecie pobierania SHOTA:Captain America: Civil War
2018-01-28 11:41:19 Zakonczenie pobierania SHOTA:Captain America: Civil War
2018-01-28 11:41:19 Rozpoczecie pobierania SHOTA:Dead Men tell No Tales
2018-01-28 11:41:20 Zakonczenie pobierania SHOTA:Dead Men tell No Tales
2018-01-28 11:41:20 Rozpoczecie pobierania SHOTA:Rings
2018-01-28 11:41:20 Zakonczenie pobierania SHOTA:Rings
2018-01-28 11:41:20 Rozpoczecie pobierania SHOTA:Blade Runner 2049
2018-01-28 11:41:21 Zakonczenie pobierania SHOTA:Blade Runner 2049
2018-01-28 11:41:21 Rozpoczecie pobierania SHOTA:Thor
2018-01-28 11:41:22 Zakonczenie pobierania SHOTA:Thor
2018-01-28 11:41:22 Rozpoczecie pobierania SHOTA:Get Out
2018-01-28 11:41:23 Zakonczenie pobierania SHOTA:Get Out
2018-01-28 11:41:23 Rozpoczecie pobierania SHOTA:Okja
2018-01-28 11:41:23 Zakonczenie pobierania SHOTA:Okja
2018-01-28 11:41:23 Rozpoczecie pobierania SHOTA:London Has Fallen
2018-01-28 11:41:24 Zakonczenie pobierania SHOTA:London Has Fallen
2018-01-28 11:43:55 Rozpoczecie pobierania PLAKATU:Pirates of Carribean
2018-01-28 11:43:55 Zakonczenie pobierania PLAKATU:Pirates of Carribean
2018-01-28 11:43:55 Rozpoczecie pobierania PLAKATU:The Legend of Tarzan
2018-01-28 11:43:55 Zakonczenie pobierania PLAKATU:The Legend of Tarzan
2018-01-28 11:43:55 Rozpoczecie pobierania PLAKATU:The Founder
2018-01-28 11:43:56 Zakonczenie pobierania PLAKATU:The Founder
2018-01-28 11:43:56 Rozpoczecie pobierania PLAKATU:Captain America: Civil War
2018-01-28 11:43:57 Zakonczenie pobierania PLAKATU:Captain America: Civil War
2018-01-28 11:43:57 Rozpoczecie pobierania PLAKATU:Dead Men tell No Tales
2018-01-28 11:43:57 Zakonczenie pobierania PLAKATU:Dead Men tell No Tales
2018-01-28 11:43:57 Rozpoczecie pobierania PLAKATU:Rings
2018-01-28 11:43:59 Zakonczenie pobierania PLAKATU:Rings
2018-01-28 11:43:59 Rozpoczecie pobierania PLAKATU:Blade Runner 2049
2018-01-28 11:44:00 Zakonczenie pobierania PLAKATU:Blade Runner 2049
2018-01-28 11:44:00 Rozpoczecie pobierania PLAKATU:Thor
2018-01-28 11:44:00 Zakonczenie pobierania PLAKATU:Thor
2018-01-28 11:44:00 Rozpoczecie pobierania PLAKATU:Get Out
2018-01-28 11:44:01 Zakonczenie pobierania PLAKATU:Get Out
2018-01-28 11:44:01 Rozpoczecie pobierania PLAKATU:Okja
2018-01-28 11:44:02 Zakonczenie pobierania PLAKATU:Okja
2018-01-28 11:44:02 Rozpoczecie pobierania PLAKATU:London Has Fallen
2018-01-28 11:44:02 Zakonczenie pobierania PLAKATU:London Has Fallen
2018-01-28 11:44:02 Rozpoczecie pobierania SHOTA:Pirates of Carribean
2018-01-28 11:44:02 Zakonczenie pobierania SHOTA:Pirates of Carribean
2018-01-28 11:44:02 Rozpoczecie pobierania SHOTA:The Legend of Tarzan
2018-01-28 11:44:03 Zakonczenie pobierania SHOTA:The Legend of Tarzan
2018-01-28 11:44:03 Rozpoczecie pobierania SHOTA:The Founder
2018-01-28 11:44:03 Zakonczenie pobierania SHOTA:The Founder
2018-01-28 11:44:03 Rozpoczecie pobierania SHOTA:Captain America: Civil War
2018-01-28 11:44:03 Zakonczenie pobierania SHOTA:Captain America: Civil War
2018-01-28 11:44:03 Rozpoczecie pobierania SHOTA:Dead Men tell No Tales
2018-01-28 11:44:04 Zakonczenie pobierania SHOTA:Dead Men tell No Tales
2018-01-28 11:44:04 Rozpoczecie pobierania SHOTA:Rings
2018-01-28 11:44:04 Zakonczenie pobierania SHOTA:Rings
2018-01-28 11:44:04 Rozpoczecie pobierania SHOTA:Blade Runner 2049
2018-01-28 11:44:05 Zakonczenie pobierania SHOTA:Blade Runner 2049
2018-01-28 11:44:05 Rozpoczecie pobierania SHOTA:Thor
2018-01-28 11:44:06 Zakonczenie pobierania SHOTA:Thor
2018-01-28 11:44:06 Rozpoczecie pobierania SHOTA:Get Out
2018-01-28 11:44:09 Zakonczenie pobierania SHOTA:Get Out
2018-01-28 11:44:09 Rozpoczecie pobierania SHOTA:Okja
2018-01-28 11:44:09 Zakonczenie pobierania SHOTA:Okja
2018-01-28 11:44:09 Rozpoczecie pobierania SHOTA:London Has Fallen
2018-01-28 11:44:09 Zakonczenie pobierania SHOTA:London Has Fallen
2018-01-28 11:44:42 Rozpoczecie pobierania PLAKATU:Pirates of Carribean
2018-01-28 11:44:42 Zakonczenie pobierania PLAKATU:Pirates of Carribean
2018-01-28 11:44:42 Rozpoczecie pobierania PLAKATU:The Legend of Tarzan
2018-01-28 11:44:42 Zakonczenie pobierania PLAKATU:The Legend of Tarzan
2018-01-28 11:44:42 Rozpoczecie pobierania PLAKATU:The Founder
2018-01-28 11:44:43 Zakonczenie pobierania PLAKATU:The Founder
2018-01-28 11:44:43 Rozpoczecie pobierania PLAKATU:Captain America: Civil War
2018-01-28 11:44:43 Zakonczenie pobierania PLAKATU:Captain America: Civil War
2018-01-28 11:44:43 Rozpoczecie pobierania PLAKATU:Dead Men tell No Tales
2018-01-28 11:44:43 Zakonczenie pobierania PLAKATU:Dead Men tell No Tales
2018-01-28 11:44:43 Rozpoczecie pobierania PLAKATU:Rings
2018-01-28 11:44:44 Zakonczenie pobierania PLAKATU:Rings
2018-01-28 11:44:44 Rozpoczecie pobierania PLAKATU:Blade Runner 2049
2018-01-28 11:44:45 Zakonczenie pobierania PLAKATU:Blade Runner 2049
2018-01-28 11:44:45 Rozpoczecie pobierania PLAKATU:Thor
2018-01-28 11:44:45 Zakonczenie pobierania PLAKATU:Thor
2018-01-28 11:44:45 Rozpoczecie pobierania PLAKATU:Get Out
2018-01-28 11:44:46 Zakonczenie pobierania PLAKATU:Get Out
2018-01-28 11:44:46 Rozpoczecie pobierania PLAKATU:Okja
2018-01-28 11:44:47 Zakonczenie pobierania PLAKATU:Okja
2018-01-28 11:44:47 Rozpoczecie pobierania PLAKATU:London Has Fallen
2018-01-28 11:44:47 Zakonczenie pobierania PLAKATU:London Has Fallen
2018-01-28 11:44:47 Rozpoczecie pobierania SHOTA:Pirates of Carribean
2018-01-28 11:44:47 Zakonczenie pobierania SHOTA:Pirates of Carribean
2018-01-28 11:44:47 Rozpoczecie pobierania SHOTA:The Legend of Tarzan
2018-01-28 11:44:47 Zakonczenie pobierania SHOTA:The Legend of Tarzan
2018-01-28 11:44:48 Rozpoczecie pobierania SHOTA:The Founder
2018-01-28 11:44:48 Zakonczenie pobierania SHOTA:The Founder
2018-01-28 11:44:48 Rozpoczecie pobierania SHOTA:Captain America: Civil War
2018-01-28 11:44:48 Zakonczenie pobierania SHOTA:Captain America: Civil War
2018-01-28 11:44:48 Rozpoczecie pobierania SHOTA:Dead Men tell No Tales
2018-01-28 11:44:49 Zakonczenie pobierania SHOTA:Dead Men tell No Tales
2018-01-28 11:44:49 Rozpoczecie pobierania SHOTA:Rings
2018-01-28 11:44:49 Zakonczenie pobierania SHOTA:Rings
2018-01-28 11:44:49 Rozpoczecie pobierania SHOTA:Blade Runner 2049
2018-01-28 11:44:51 Zakonczenie pobierania SHOTA:Blade Runner 2049
2018-01-28 11:44:51 Rozpoczecie pobierania SHOTA:Thor
2018-01-28 11:44:52 Zakonczenie pobierania SHOTA:Thor
2018-01-28 11:44:52 Rozpoczecie pobierania SHOTA:Get Out
2018-01-28 11:44:54 Zakonczenie pobierania SHOTA:Get Out
2018-01-28 11:44:54 Rozpoczecie pobierania SHOTA:Okja
2018-01-28 11:44:54 Zakonczenie pobierania SHOTA:Okja
2018-01-28 11:44:54 Rozpoczecie pobierania SHOTA:London Has Fallen
2018-01-28 11:44:55 Zakonczenie pobierania SHOTA:London Has Fallen
2018-01-28 11:46:07 Rozpoczecie pobierania PLAKATU:Pirates of Carribean
2018-01-28 11:46:07 Zakonczenie pobierania PLAKATU:Pirates of Carribean
2018-01-28 11:46:07 Rozpoczecie pobierania PLAKATU:The Legend of Tarzan
2018-01-28 11:46:08 Zakonczenie pobierania PLAKATU:The Legend of Tarzan
2018-01-28 11:46:08 Rozpoczecie pobierania PLAKATU:The Founder
2018-01-28 11:46:08 Zakonczenie pobierania PLAKATU:The Founder
2018-01-28 11:46:08 Rozpoczecie pobierania PLAKATU:Captain America: Civil War
2018-01-28 11:46:09 Zakonczenie pobierania PLAKATU:Captain America: Civil War
2018-01-28 11:46:09 Rozpoczecie pobierania PLAKATU:Dead Men tell No Tales
2018-01-28 11:46:09 Zakonczenie pobierania PLAKATU:Dead Men tell No Tales
2018-01-28 11:46:09 Rozpoczecie pobierania PLAKATU:Rings
2018-01-28 11:46:10 Zakonczenie pobierania PLAKATU:Rings
2018-01-28 11:46:10 Rozpoczecie pobierania PLAKATU:Blade Runner 2049
2018-01-28 11:46:11 Zakonczenie pobierania PLAKATU:Blade Runner 2049
2018-01-28 11:46:11 Rozpoczecie pobierania PLAKATU:Thor
2018-01-28 11:46:12 Zakonczenie pobierania PLAKATU:Thor
2018-01-28 11:46:12 Rozpoczecie pobierania PLAKATU:Get Out
2018-01-28 11:46:13 Zakonczenie pobierania PLAKATU:Get Out
2018-01-28 11:46:13 Rozpoczecie pobierania PLAKATU:Okja
2018-01-28 11:46:13 Zakonczenie pobierania PLAKATU:Okja
2018-01-28 11:46:13 Rozpoczecie pobierania PLAKATU:London Has Fallen
2018-01-28 11:46:13 Zakonczenie pobierania PLAKATU:London Has Fallen
2018-01-28 11:46:13 Rozpoczecie pobierania SHOTA:Pirates of Carribean
2018-01-28 11:46:14 Zakonczenie pobierania SHOTA:Pirates of Carribean
2018-01-28 11:46:14 Rozpoczecie pobierania SHOTA:The Legend of Tarzan
2018-01-28 11:46:14 Zakonczenie pobierania SHOTA:The Legend of Tarzan
2018-01-28 11:46:14 Rozpoczecie pobierania SHOTA:The Founder
2018-01-28 11:46:14 Zakonczenie pobierania SHOTA:The Founder
2018-01-28 11:46:14 Rozpoczecie pobierania SHOTA:Captain America: Civil War
2018-01-28 11:46:15 Zakonczenie pobierania SHOTA:Captain America: Civil War
2018-01-28 11:46:15 Rozpoczecie pobierania SHOTA:Dead Men tell No Tales
2018-01-28 11:46:15 Zakonczenie pobierania SHOTA:Dead Men tell No Tales
2018-01-28 11:46:15 Rozpoczecie pobierania SHOTA:Rings
2018-01-28 11:46:15 Zakonczenie pobierania SHOTA:Rings
2018-01-28 11:46:15 Rozpoczecie pobierania SHOTA:Blade Runner 2049
2018-01-28 11:46:16 Zakonczenie pobierania SHOTA:Blade Runner 2049
2018-01-28 11:46:16 Rozpoczecie pobierania SHOTA:Thor
2018-01-28 11:46:17 Zakonczenie pobierania SHOTA:Thor
2018-01-28 11:46:17 Rozpoczecie pobierania SHOTA:Get Out
2018-01-28 11:46:19 Zakonczenie pobierania SHOTA:Get Out
2018-01-28 11:46:19 Rozpoczecie pobierania SHOTA:Okja
2018-01-28 11:46:19 Zakonczenie pobierania SHOTA:Okja
2018-01-28 11:46:19 Rozpoczecie pobierania SHOTA:London Has Fallen
2018-01-28 11:46:19 Zakonczenie pobierania SHOTA:London Has Fallen
2018-01-28 11:49:48 Rozpoczecie pobierania PLAKATU:Pirates of Carribean Dead Men tell No Tales
2018-01-28 11:49:48 Zakonczenie pobierania PLAKATU:Pirates of Carribean Dead Men tell No Tales
2018-01-28 11:49:48 Rozpoczecie pobierania PLAKATU:The Founder
2018-01-28 11:49:48 Zakonczenie pobierania PLAKATU:The Founder
2018-01-28 11:49:48 Rozpoczecie pobierania PLAKATU:Captain America: Civil War
2018-01-28 11:49:49 Zakonczenie pobierania PLAKATU:Captain America: Civil War
2018-01-28 11:49:49 Rozpoczecie pobierania PLAKATU:Spectre
2018-01-28 11:49:49 Zakonczenie pobierania PLAKATU:Spectre
2018-01-28 11:49:49 Rozpoczecie pobierania PLAKATU:Rings
2018-01-28 11:49:50 Zakonczenie pobierania PLAKATU:Rings
2018-01-28 11:49:50 Rozpoczecie pobierania PLAKATU:Blade Runner 2049
2018-01-28 11:49:52 Zakonczenie pobierania PLAKATU:Blade Runner 2049
2018-01-28 11:49:52 Rozpoczecie pobierania PLAKATU:Thor
2018-01-28 11:49:53 Zakonczenie pobierania PLAKATU:Thor
2018-01-28 11:49:53 Rozpoczecie pobierania PLAKATU:Get Out
2018-01-28 11:49:53 Zakonczenie pobierania PLAKATU:Get Out
2018-01-28 11:49:53 Rozpoczecie pobierania PLAKATU:Star Wars: The Last Jedi
2018-01-28 11:49:54 Zakonczenie pobierania PLAKATU:Star Wars: The Last Jedi
2018-01-28 11:49:54 Rozpoczecie pobierania PLAKATU:London Has Fallen
2018-01-28 11:49:55 Zakonczenie pobierania PLAKATU:London Has Fallen
2018-01-28 11:49:55 Rozpoczecie pobierania PLAKATU:The Legend of Tarzan
2018-01-28 11:49:55 Zakonczenie pobierania PLAKATU:The Legend of Tarzan
2018-01-28 11:49:55 Rozpoczecie pobierania SHOTA:Pirates of Carribean Dead Men tell No Tales
2018-01-28 11:49:55 Zakonczenie pobierania SHOTA:Pirates of Carribean Dead Men tell No Tales
2018-01-28 11:49:55 Rozpoczecie pobierania SHOTA:The Founder
2018-01-28 11:49:56 Zakonczenie pobierania SHOTA:The Founder
2018-01-28 11:49:56 Rozpoczecie pobierania SHOTA:Captain America: Civil War
2018-01-28 11:49:56 Zakonczenie pobierania SHOTA:Captain America: Civil War
2018-01-28 11:49:56 Rozpoczecie pobierania SHOTA:Spectre
2018-01-28 11:49:56 Zakonczenie pobierania SHOTA:Spectre
2018-01-28 11:49:57 Rozpoczecie pobierania SHOTA:Rings
2018-01-28 11:49:57 Zakonczenie pobierania SHOTA:Rings
2018-01-28 11:49:57 Rozpoczecie pobierania SHOTA:Blade Runner 2049
2018-01-28 11:49:57 Zakonczenie pobierania SHOTA:Blade Runner 2049
2018-01-28 11:49:57 Rozpoczecie pobierania SHOTA:Thor
2018-01-28 11:49:58 Zakonczenie pobierania SHOTA:Thor
2018-01-28 11:49:58 Rozpoczecie pobierania SHOTA:Get Out
2018-01-28 11:49:58 Zakonczenie pobierania SHOTA:Get Out
2018-01-28 11:49:58 Rozpoczecie pobierania SHOTA:Star Wars: The Last Jedi
2018-01-28 11:50:00 Zakonczenie pobierania SHOTA:Star Wars: The Last Jedi
2018-01-28 11:50:00 Rozpoczecie pobierania SHOTA:London Has Fallen
2018-01-28 11:50:00 Zakonczenie pobierania SHOTA:London Has Fallen
2018-01-28 11:50:00 Rozpoczecie pobierania SHOTA:The Legend of Tarzan
2018-01-28 11:50:01 Zakonczenie pobierania SHOTA:The Legend of Tarzan
2018-01-28 11:51:53 Rozpoczecie pobierania PLAKATU:Pirates of Carribean Dead Men tell No Tales
2018-01-28 11:51:54 Zakonczenie pobierania PLAKATU:Pirates of Carribean Dead Men tell No Tales
2018-01-28 11:51:54 Rozpoczecie pobierania PLAKATU:The Founder
2018-01-28 11:51:54 Zakonczenie pobierania PLAKATU:The Founder
2018-01-28 11:51:54 Rozpoczecie pobierania PLAKATU:Captain America: Civil War
2018-01-28 11:51:55 Zakonczenie pobierania PLAKATU:Captain America: Civil War
2018-01-28 11:51:55 Rozpoczecie pobierania PLAKATU:Spectre
2018-01-28 11:51:55 Zakonczenie pobierania PLAKATU:Spectre
2018-01-28 11:51:55 Rozpoczecie pobierania PLAKATU:Rings
2018-01-28 11:51:56 Zakonczenie pobierania PLAKATU:Rings
2018-01-28 11:51:56 Rozpoczecie pobierania PLAKATU:Blade Runner 2049
2018-01-28 11:51:57 Zakonczenie pobierania PLAKATU:Blade Runner 2049
2018-01-28 11:51:57 Rozpoczecie pobierania PLAKATU:Thor
2018-01-28 11:51:57 Zakonczenie pobierania PLAKATU:Thor
2018-01-28 11:51:57 Rozpoczecie pobierania PLAKATU:Get Out
2018-01-28 11:51:58 Zakonczenie pobierania PLAKATU:Get Out
2018-01-28 11:51:58 Rozpoczecie pobierania PLAKATU:Star Wars: The Last Jedi
2018-01-28 11:52:00 Zakonczenie pobierania PLAKATU:Star Wars: The Last Jedi
2018-01-28 11:52:00 Rozpoczecie pobierania PLAKATU:London Has Fallen
2018-01-28 11:52:01 Zakonczenie pobierania PLAKATU:London Has Fallen
2018-01-28 11:52:01 Rozpoczecie pobierania PLAKATU:The Legend of Tarzan
2018-01-28 11:52:01 Zakonczenie pobierania PLAKATU:The Legend of Tarzan
2018-01-28 11:52:01 Rozpoczecie pobierania SHOTA:Pirates of Carribean Dead Men tell No Tales
2018-01-28 11:52:02 Zakonczenie pobierania SHOTA:Pirates of Carribean Dead Men tell No Tales
2018-01-28 11:52:02 Rozpoczecie pobierania SHOTA:The Founder
2018-01-28 11:52:02 Zakonczenie pobierania SHOTA:The Founder
2018-01-28 11:52:02 Rozpoczecie pobierania SHOTA:Captain America: Civil War
2018-01-28 11:52:02 Zakonczenie pobierania SHOTA:Captain America: Civil War
2018-01-28 11:52:02 Rozpoczecie pobierania SHOTA:Spectre
2018-01-28 11:52:03 Zakonczenie pobierania SHOTA:Spectre
2018-01-28 11:52:03 Rozpoczecie pobierania SHOTA:Rings
2018-01-28 11:52:03 Zakonczenie pobierania SHOTA:Rings
2018-01-28 11:52:03 Rozpoczecie pobierania SHOTA:Blade Runner 2049
2018-01-28 11:52:03 Zakonczenie pobierania SHOTA:Blade Runner 2049
2018-01-28 11:52:03 Rozpoczecie pobierania SHOTA:Thor
2018-01-28 11:52:04 Zakonczenie pobierania SHOTA:Thor
2018-01-28 11:52:04 Rozpoczecie pobierania SHOTA:Get Out
2018-01-28 11:52:05 Zakonczenie pobierania SHOTA:Get Out
2018-01-28 11:52:05 Rozpoczecie pobierania SHOTA:Star Wars: The Last Jedi
2018-01-28 11:52:07 Zakonczenie pobierania SHOTA:Star Wars: The Last Jedi
2018-01-28 11:52:07 Rozpoczecie pobierania SHOTA:London Has Fallen
2018-01-28 11:52:07 Zakonczenie pobierania SHOTA:London Has Fallen
2018-01-28 11:52:07 Rozpoczecie pobierania SHOTA:The Legend of Tarzan
2018-01-28 11:52:08 Zakonczenie pobierania SHOTA:The Legend of Tarzan
