2018-01-28 12:19:36 Rozpoczecie pobierania PLAKATU:Pirates of Carribean Dead Men tell No Tales
2018-01-28 12:19:39 Zakonczenie pobierania PLAKATU:Pirates of Carribean Dead Men tell No Tales
2018-01-28 12:19:39 Rozpoczecie pobierania PLAKATU:The Founder
2018-01-28 12:19:39 Zakonczenie pobierania PLAKATU:The Founder
2018-01-28 12:19:39 Rozpoczecie pobierania PLAKATU:Captain America: Civil War
2018-01-28 12:19:39 Zakonczenie pobierania PLAKATU:Captain America: Civil War
2018-01-28 12:19:39 Rozpoczecie pobierania PLAKATU:Spectre
2018-01-28 12:19:40 Zakonczenie pobierania PLAKATU:Spectre
2018-01-28 12:19:40 Rozpoczecie pobierania PLAKATU:Rings
2018-01-28 12:19:41 Zakonczenie pobierania PLAKATU:Rings
2018-01-28 12:19:41 Rozpoczecie pobierania PLAKATU:Blade Runner 2049
2018-01-28 12:19:42 Zakonczenie pobierania PLAKATU:Blade Runner 2049
2018-01-28 12:19:42 Rozpoczecie pobierania PLAKATU:Thor
2018-01-28 12:19:42 Zakonczenie pobierania PLAKATU:Thor
2018-01-28 12:19:42 Rozpoczecie pobierania PLAKATU:Get Out
2018-01-28 12:19:42 Zakonczenie pobierania PLAKATU:Get Out
2018-01-28 12:19:42 Rozpoczecie pobierania PLAKATU:Star Wars: The Last Jedi
2018-01-28 12:19:43 Zakonczenie pobierania PLAKATU:Star Wars: The Last Jedi
2018-01-28 12:19:43 Rozpoczecie pobierania PLAKATU:London Has Fallen
2018-01-28 12:19:43 Zakonczenie pobierania PLAKATU:London Has Fallen
2018-01-28 12:19:43 Rozpoczecie pobierania PLAKATU:The Legend of Tarzan
2018-01-28 12:19:44 Zakonczenie pobierania PLAKATU:The Legend of Tarzan
2018-01-28 12:19:44 Rozpoczecie pobierania SHOTA:Pirates of Carribean Dead Men tell No Tales
2018-01-28 12:19:44 Zakonczenie pobierania SHOTA:Pirates of Carribean Dead Men tell No Tales
2018-01-28 12:19:44 Rozpoczecie pobierania SHOTA:The Founder
2018-01-28 12:19:44 Zakonczenie pobierania SHOTA:The Founder
2018-01-28 12:19:44 Rozpoczecie pobierania SHOTA:Captain America: Civil War
2018-01-28 12:19:44 Zakonczenie pobierania SHOTA:Captain America: Civil War
2018-01-28 12:19:44 Rozpoczecie pobierania SHOTA:Spectre
2018-01-28 12:19:45 Zakonczenie pobierania SHOTA:Spectre
2018-01-28 12:19:45 Rozpoczecie pobierania SHOTA:Rings
2018-01-28 12:19:45 Zakonczenie pobierania SHOTA:Rings
2018-01-28 12:19:45 Rozpoczecie pobierania SHOTA:Blade Runner 2049
2018-01-28 12:19:45 Zakonczenie pobierania SHOTA:Blade Runner 2049
2018-01-28 12:19:45 Rozpoczecie pobierania SHOTA:Thor
2018-01-28 12:19:46 Zakonczenie pobierania SHOTA:Thor
2018-01-28 12:19:46 Rozpoczecie pobierania SHOTA:Get Out
2018-01-28 12:19:46 Zakonczenie pobierania SHOTA:Get Out
2018-01-28 12:19:46 Rozpoczecie pobierania SHOTA:Star Wars: The Last Jedi
2018-01-28 12:19:47 Zakonczenie pobierania SHOTA:Star Wars: The Last Jedi
2018-01-28 12:19:47 Rozpoczecie pobierania SHOTA:London Has Fallen
2018-01-28 12:19:47 Zakonczenie pobierania SHOTA:London Has Fallen
2018-01-28 12:19:47 Rozpoczecie pobierania SHOTA:The Legend of Tarzan
2018-01-28 12:19:48 Zakonczenie pobierania SHOTA:The Legend of Tarzan
