2018-01-28 12:19:36 Rozpoczecie pobierania PLAKATU:Pirates of Carribean Dead Men tell No Tales
2018-01-28 12:19:39 Zakonczenie pobierania PLAKATU:Pirates of Carribean Dead Men tell No Tales
2018-01-28 12:19:39 Rozpoczecie pobierania PLAKATU:The Founder
2018-01-28 12:19:39 Zakonczenie pobierania PLAKATU:The Founder
2018-01-28 12:19:39 Rozpoczecie pobierania PLAKATU:Captain America: Civil War
2018-01-28 12:19:39 Zakonczenie pobierania PLAKATU:Captain America: Civil War
2018-01-28 12:19:39 Rozpoczecie pobierania PLAKATU:Spectre
2018-01-28 12:19:40 Zakonczenie pobierania PLAKATU:Spectre
2018-01-28 12:19:40 Rozpoczecie pobierania PLAKATU:Rings
2018-01-28 12:19:41 Zakonczenie pobierania PLAKATU:Rings
2018-01-28 12:19:41 Rozpoczecie pobierania PLAKATU:Blade Runner 2049
2018-01-28 12:19:42 Zakonczenie pobierania PLAKATU:Blade Runner 2049
2018-01-28 12:19:42 Rozpoczecie pobierania PLAKATU:Thor
2018-01-28 12:19:42 Zakonczenie pobierania PLAKATU:Thor
2018-01-28 12:19:42 Rozpoczecie pobierania PLAKATU:Get Out
2018-01-28 12:19:42 Zakonczenie pobierania PLAKATU:Get Out
2018-01-28 12:19:42 Rozpoczecie pobierania PLAKATU:Star Wars: The Last Jedi
2018-01-28 12:19:43 Zakonczenie pobierania PLAKATU:Star Wars: The Last Jedi
2018-01-28 12:19:43 Rozpoczecie pobierania PLAKATU:London Has Fallen
2018-01-28 12:19:43 Zakonczenie pobierania PLAKATU:London Has Fallen
2018-01-28 12:19:43 Rozpoczecie pobierania PLAKATU:The Legend of Tarzan
2018-01-28 12:19:44 Zakonczenie pobierania PLAKATU:The Legend of Tarzan
2018-01-28 12:19:44 Rozpoczecie pobierania SHOTA:Pirates of Carribean Dead Men tell No Tales
2018-01-28 12:19:44 Zakonczenie pobierania SHOTA:Pirates of Carribean Dead Men tell No Tales
2018-01-28 12:19:44 Rozpoczecie pobierania SHOTA:The Founder
2018-01-28 12:19:44 Zakonczenie pobierania SHOTA:The Founder
2018-01-28 12:19:44 Rozpoczecie pobierania SHOTA:Captain America: Civil War
2018-01-28 12:19:44 Zakonczenie pobierania SHOTA:Captain America: Civil War
2018-01-28 12:19:44 Rozpoczecie pobierania SHOTA:Spectre
2018-01-28 12:19:45 Zakonczenie pobierania SHOTA:Spectre
2018-01-28 12:19:45 Rozpoczecie pobierania SHOTA:Rings
2018-01-28 12:19:45 Zakonczenie pobierania SHOTA:Rings
2018-01-28 12:19:45 Rozpoczecie pobierania SHOTA:Blade Runner 2049
2018-01-28 12:19:45 Zakonczenie pobierania SHOTA:Blade Runner 2049
2018-01-28 12:19:45 Rozpoczecie pobierania SHOTA:Thor
2018-01-28 12:19:46 Zakonczenie pobierania SHOTA:Thor
2018-01-28 12:19:46 Rozpoczecie pobierania SHOTA:Get Out
2018-01-28 12:19:46 Zakonczenie pobierania SHOTA:Get Out
2018-01-28 12:19:46 Rozpoczecie pobierania SHOTA:Star Wars: The Last Jedi
2018-01-28 12:19:47 Zakonczenie pobierania SHOTA:Star Wars: The Last Jedi
2018-01-28 12:19:47 Rozpoczecie pobierania SHOTA:London Has Fallen
2018-01-28 12:19:47 Zakonczenie pobierania SHOTA:London Has Fallen
2018-01-28 12:19:47 Rozpoczecie pobierania SHOTA:The Legend of Tarzan
2018-01-28 12:19:48 Zakonczenie pobierania SHOTA:The Legend of Tarzan
2018-01-28 13:46:42 Rozpoczecie pobierania PLAKATU:Pirates of Carribean Dead Men tell No Tales
2018-01-28 13:46:42 Zakonczenie pobierania PLAKATU:Pirates of Carribean Dead Men tell No Tales
2018-01-28 13:46:42 Rozpoczecie pobierania PLAKATU:The Founder
2018-01-28 13:46:42 Zakonczenie pobierania PLAKATU:The Founder
2018-01-28 13:46:42 Rozpoczecie pobierania PLAKATU:Captain America: Civil War
2018-01-28 13:46:43 Zakonczenie pobierania PLAKATU:Captain America: Civil War
2018-01-28 13:46:43 Rozpoczecie pobierania PLAKATU:Spectre
2018-01-28 13:46:43 Zakonczenie pobierania PLAKATU:Spectre
2018-01-28 13:46:43 Rozpoczecie pobierania PLAKATU:Rings
2018-01-28 13:46:43 Zakonczenie pobierania PLAKATU:Rings
2018-01-28 13:46:43 Rozpoczecie pobierania PLAKATU:Blade Runner 2049
2018-01-28 13:46:44 Zakonczenie pobierania PLAKATU:Blade Runner 2049
2018-01-28 13:46:44 Rozpoczecie pobierania PLAKATU:Thor
2018-01-28 13:46:44 Zakonczenie pobierania PLAKATU:Thor
2018-01-28 13:46:44 Rozpoczecie pobierania PLAKATU:Get Out
2018-01-28 13:46:45 Zakonczenie pobierania PLAKATU:Get Out
2018-01-28 13:46:45 Rozpoczecie pobierania PLAKATU:Star Wars: The Last Jedi
2018-01-28 13:46:45 Zakonczenie pobierania PLAKATU:Star Wars: The Last Jedi
2018-01-28 13:46:45 Rozpoczecie pobierania PLAKATU:London Has Fallen
2018-01-28 13:46:46 Zakonczenie pobierania PLAKATU:London Has Fallen
2018-01-28 13:46:46 Rozpoczecie pobierania PLAKATU:The Legend of Tarzan
2018-01-28 13:46:46 Zakonczenie pobierania PLAKATU:The Legend of Tarzan
2018-01-28 13:46:46 Rozpoczecie pobierania SHOTA:Pirates of Carribean Dead Men tell No Tales
2018-01-28 13:46:46 Zakonczenie pobierania SHOTA:Pirates of Carribean Dead Men tell No Tales
2018-01-28 13:46:46 Rozpoczecie pobierania SHOTA:The Founder
2018-01-28 13:46:46 Zakonczenie pobierania SHOTA:The Founder
2018-01-28 13:46:46 Rozpoczecie pobierania SHOTA:Captain America: Civil War
2018-01-28 13:46:47 Zakonczenie pobierania SHOTA:Captain America: Civil War
2018-01-28 13:46:47 Rozpoczecie pobierania SHOTA:Spectre
2018-01-28 13:46:47 Zakonczenie pobierania SHOTA:Spectre
2018-01-28 13:46:47 Rozpoczecie pobierania SHOTA:Rings
2018-01-28 13:46:47 Zakonczenie pobierania SHOTA:Rings
2018-01-28 13:46:47 Rozpoczecie pobierania SHOTA:Blade Runner 2049
2018-01-28 13:46:47 Zakonczenie pobierania SHOTA:Blade Runner 2049
2018-01-28 13:46:47 Rozpoczecie pobierania SHOTA:Thor
2018-01-28 13:46:48 Zakonczenie pobierania SHOTA:Thor
2018-01-28 13:46:48 Rozpoczecie pobierania SHOTA:Get Out
2018-01-28 13:46:49 Zakonczenie pobierania SHOTA:Get Out
2018-01-28 13:46:49 Rozpoczecie pobierania SHOTA:Star Wars: The Last Jedi
2018-01-28 13:46:50 Zakonczenie pobierania SHOTA:Star Wars: The Last Jedi
2018-01-28 13:46:50 Rozpoczecie pobierania SHOTA:London Has Fallen
2018-01-28 13:46:51 Zakonczenie pobierania SHOTA:London Has Fallen
2018-01-28 13:46:51 Rozpoczecie pobierania SHOTA:The Legend of Tarzan
2018-01-28 13:46:51 Zakonczenie pobierania SHOTA:The Legend of Tarzan
2018-01-28 13:47:01 Rozpoczecie pobierania PLAKATU:Pirates of Carribean Dead Men tell No Tales
2018-01-28 13:47:02 Zakonczenie pobierania PLAKATU:Pirates of Carribean Dead Men tell No Tales
2018-01-28 13:47:02 Rozpoczecie pobierania PLAKATU:The Founder
2018-01-28 13:47:02 Zakonczenie pobierania PLAKATU:The Founder
2018-01-28 13:47:02 Rozpoczecie pobierania PLAKATU:Captain America: Civil War
2018-01-28 13:47:02 Zakonczenie pobierania PLAKATU:Captain America: Civil War
2018-01-28 13:47:02 Rozpoczecie pobierania PLAKATU:Spectre
2018-01-28 13:47:02 Zakonczenie pobierania PLAKATU:Spectre
2018-01-28 13:47:02 Rozpoczecie pobierania PLAKATU:Rings
2018-01-28 13:47:03 Zakonczenie pobierania PLAKATU:Rings
2018-01-28 13:47:03 Rozpoczecie pobierania PLAKATU:Blade Runner 2049
2018-01-28 13:47:03 Zakonczenie pobierania PLAKATU:Blade Runner 2049
2018-01-28 13:47:03 Rozpoczecie pobierania PLAKATU:Thor
2018-01-28 13:47:04 Zakonczenie pobierania PLAKATU:Thor
2018-01-28 13:47:04 Rozpoczecie pobierania PLAKATU:Get Out
2018-01-28 13:47:04 Zakonczenie pobierania PLAKATU:Get Out
2018-01-28 13:47:04 Rozpoczecie pobierania PLAKATU:Star Wars: The Last Jedi
2018-01-28 13:47:05 Zakonczenie pobierania PLAKATU:Star Wars: The Last Jedi
2018-01-28 13:47:05 Rozpoczecie pobierania PLAKATU:London Has Fallen
2018-01-28 13:47:05 Zakonczenie pobierania PLAKATU:London Has Fallen
2018-01-28 13:47:05 Rozpoczecie pobierania PLAKATU:The Legend of Tarzan
2018-01-28 13:47:05 Zakonczenie pobierania PLAKATU:The Legend of Tarzan
2018-01-28 13:47:05 Rozpoczecie pobierania SHOTA:Pirates of Carribean Dead Men tell No Tales
2018-01-28 13:47:05 Zakonczenie pobierania SHOTA:Pirates of Carribean Dead Men tell No Tales
2018-01-28 13:47:05 Rozpoczecie pobierania SHOTA:The Founder
2018-01-28 13:47:06 Zakonczenie pobierania SHOTA:The Founder
2018-01-28 13:47:06 Rozpoczecie pobierania SHOTA:Captain America: Civil War
2018-01-28 13:47:06 Zakonczenie pobierania SHOTA:Captain America: Civil War
2018-01-28 13:47:06 Rozpoczecie pobierania SHOTA:Spectre
2018-01-28 13:47:06 Zakonczenie pobierania SHOTA:Spectre
2018-01-28 13:47:06 Rozpoczecie pobierania SHOTA:Rings
2018-01-28 13:47:06 Zakonczenie pobierania SHOTA:Rings
2018-01-28 13:47:06 Rozpoczecie pobierania SHOTA:Blade Runner 2049
2018-01-28 13:47:07 Zakonczenie pobierania SHOTA:Blade Runner 2049
2018-01-28 13:47:07 Rozpoczecie pobierania SHOTA:Thor
2018-01-28 13:47:07 Zakonczenie pobierania SHOTA:Thor
2018-01-28 13:47:07 Rozpoczecie pobierania SHOTA:Get Out
2018-01-28 13:47:07 Zakonczenie pobierania SHOTA:Get Out
2018-01-28 13:47:07 Rozpoczecie pobierania SHOTA:Star Wars: The Last Jedi
2018-01-28 13:47:08 Zakonczenie pobierania SHOTA:Star Wars: The Last Jedi
2018-01-28 13:47:08 Rozpoczecie pobierania SHOTA:London Has Fallen
2018-01-28 13:47:09 Zakonczenie pobierania SHOTA:London Has Fallen
2018-01-28 13:47:09 Rozpoczecie pobierania SHOTA:The Legend of Tarzan
2018-01-28 13:47:09 Zakonczenie pobierania SHOTA:The Legend of Tarzan
2018-01-28 14:11:26 Rozpoczecie pobierania PLAKATU:Pirates of Carribean Dead Men tell No Tales
2018-01-28 14:12:17 Rozpoczecie pobierania PLAKATU:Pirates of Carribean Dead Men tell No Tales
2018-01-28 14:12:18 Zakonczenie pobierania PLAKATU:Pirates of Carribean Dead Men tell No Tales
2018-01-28 14:12:18 Rozpoczecie pobierania PLAKATU:The Founder
2018-01-28 14:12:18 Zakonczenie pobierania PLAKATU:The Founder
2018-01-28 14:12:18 Rozpoczecie pobierania PLAKATU:Captain America: Civil War
2018-01-28 14:12:18 Zakonczenie pobierania PLAKATU:Captain America: Civil War
2018-01-28 14:12:18 Rozpoczecie pobierania PLAKATU:Spectre
2018-01-28 14:12:19 Zakonczenie pobierania PLAKATU:Spectre
2018-01-28 14:12:19 Rozpoczecie pobierania PLAKATU:Rings
2018-01-28 14:12:19 Zakonczenie pobierania PLAKATU:Rings
2018-01-28 14:12:19 Rozpoczecie pobierania PLAKATU:Blade Runner 2049
2018-01-28 14:12:20 Zakonczenie pobierania PLAKATU:Blade Runner 2049
2018-01-28 14:12:20 Rozpoczecie pobierania PLAKATU:Thor
2018-01-28 14:12:20 Zakonczenie pobierania PLAKATU:Thor
2018-01-28 14:12:20 Rozpoczecie pobierania PLAKATU:Get Out
2018-01-28 14:12:20 Zakonczenie pobierania PLAKATU:Get Out
2018-01-28 14:12:20 Rozpoczecie pobierania PLAKATU:Star Wars: The Last Jedi
2018-01-28 14:12:21 Zakonczenie pobierania PLAKATU:Star Wars: The Last Jedi
2018-01-28 14:12:21 Rozpoczecie pobierania PLAKATU:London Has Fallen
2018-01-28 14:12:21 Zakonczenie pobierania PLAKATU:London Has Fallen
2018-01-28 14:12:21 Rozpoczecie pobierania PLAKATU:The Legend of Tarzan
2018-01-28 14:12:22 Zakonczenie pobierania PLAKATU:The Legend of Tarzan
2018-01-28 14:12:22 Rozpoczecie pobierania SHOTA:Pirates of Carribean Dead Men tell No Tales
2018-01-28 14:12:22 Zakonczenie pobierania SHOTA:Pirates of Carribean Dead Men tell No Tales
2018-01-28 14:12:22 Rozpoczecie pobierania SHOTA:The Founder
2018-01-28 14:12:22 Zakonczenie pobierania SHOTA:The Founder
2018-01-28 14:12:22 Rozpoczecie pobierania SHOTA:Captain America: Civil War
2018-01-28 14:12:22 Zakonczenie pobierania SHOTA:Captain America: Civil War
2018-01-28 14:12:23 Rozpoczecie pobierania SHOTA:Spectre
2018-01-28 14:12:23 Zakonczenie pobierania SHOTA:Spectre
2018-01-28 14:12:23 Rozpoczecie pobierania SHOTA:Rings
2018-01-28 14:12:23 Zakonczenie pobierania SHOTA:Rings
2018-01-28 14:12:23 Rozpoczecie pobierania SHOTA:Blade Runner 2049
2018-01-28 14:12:23 Zakonczenie pobierania SHOTA:Blade Runner 2049
2018-01-28 14:12:23 Rozpoczecie pobierania SHOTA:Thor
2018-01-28 14:12:24 Zakonczenie pobierania SHOTA:Thor
2018-01-28 14:12:24 Rozpoczecie pobierania SHOTA:Get Out
2018-01-28 14:12:24 Zakonczenie pobierania SHOTA:Get Out
2018-01-28 14:12:24 Rozpoczecie pobierania SHOTA:Star Wars: The Last Jedi
2018-01-28 14:12:25 Zakonczenie pobierania SHOTA:Star Wars: The Last Jedi
2018-01-28 14:12:25 Rozpoczecie pobierania SHOTA:London Has Fallen
2018-01-28 14:12:25 Zakonczenie pobierania SHOTA:London Has Fallen
2018-01-28 14:12:25 Rozpoczecie pobierania SHOTA:The Legend of Tarzan
2018-01-28 14:12:26 Zakonczenie pobierania SHOTA:The Legend of Tarzan
2018-01-28 14:21:04 Rozpoczecie pobierania PLAKATU:Pirates of Carribean Dead Men tell No Tales
2018-01-28 14:21:04 Zakonczenie pobierania PLAKATU:Pirates of Carribean Dead Men tell No Tales
2018-01-28 14:21:04 Rozpoczecie pobierania PLAKATU:The Founder
2018-01-28 14:21:04 Zakonczenie pobierania PLAKATU:The Founder
2018-01-28 14:21:04 Rozpoczecie pobierania PLAKATU:Captain America: Civil War
2018-01-28 14:21:05 Zakonczenie pobierania PLAKATU:Captain America: Civil War
2018-01-28 14:21:05 Rozpoczecie pobierania PLAKATU:Spectre
2018-01-28 14:21:05 Zakonczenie pobierania PLAKATU:Spectre
2018-01-28 14:21:05 Rozpoczecie pobierania PLAKATU:Rings
2018-01-28 14:21:05 Zakonczenie pobierania PLAKATU:Rings
2018-01-28 14:21:05 Rozpoczecie pobierania PLAKATU:Blade Runner 2049
2018-01-28 14:21:06 Zakonczenie pobierania PLAKATU:Blade Runner 2049
2018-01-28 14:21:06 Rozpoczecie pobierania PLAKATU:Thor
2018-01-28 14:21:07 Zakonczenie pobierania PLAKATU:Thor
2018-01-28 14:21:07 Rozpoczecie pobierania PLAKATU:Get Out
2018-01-28 14:21:07 Zakonczenie pobierania PLAKATU:Get Out
2018-01-28 14:21:07 Rozpoczecie pobierania PLAKATU:Star Wars: The Last Jedi
2018-01-28 14:21:08 Zakonczenie pobierania PLAKATU:Star Wars: The Last Jedi
2018-01-28 14:21:08 Rozpoczecie pobierania PLAKATU:London Has Fallen
2018-01-28 14:21:08 Zakonczenie pobierania PLAKATU:London Has Fallen
2018-01-28 14:21:08 Rozpoczecie pobierania PLAKATU:The Legend of Tarzan
2018-01-28 14:21:08 Zakonczenie pobierania PLAKATU:The Legend of Tarzan
2018-01-28 14:21:08 Rozpoczecie pobierania SHOTA:Pirates of Carribean Dead Men tell No Tales
2018-01-28 14:21:08 Zakonczenie pobierania SHOTA:Pirates of Carribean Dead Men tell No Tales
2018-01-28 14:21:08 Rozpoczecie pobierania SHOTA:The Founder
2018-01-28 14:21:08 Zakonczenie pobierania SHOTA:The Founder
2018-01-28 14:21:08 Rozpoczecie pobierania SHOTA:Captain America: Civil War
2018-01-28 14:21:09 Zakonczenie pobierania SHOTA:Captain America: Civil War
2018-01-28 14:21:09 Rozpoczecie pobierania SHOTA:Spectre
2018-01-28 14:21:09 Zakonczenie pobierania SHOTA:Spectre
2018-01-28 14:21:09 Rozpoczecie pobierania SHOTA:Rings
2018-01-28 14:21:09 Zakonczenie pobierania SHOTA:Rings
2018-01-28 14:21:09 Rozpoczecie pobierania SHOTA:Blade Runner 2049
2018-01-28 14:21:09 Zakonczenie pobierania SHOTA:Blade Runner 2049
2018-01-28 14:21:09 Rozpoczecie pobierania SHOTA:Thor
2018-01-28 14:21:10 Zakonczenie pobierania SHOTA:Thor
2018-01-28 14:21:10 Rozpoczecie pobierania SHOTA:Get Out
2018-01-28 14:21:10 Zakonczenie pobierania SHOTA:Get Out
2018-01-28 14:21:10 Rozpoczecie pobierania SHOTA:Star Wars: The Last Jedi
2018-01-28 14:21:11 Zakonczenie pobierania SHOTA:Star Wars: The Last Jedi
2018-01-28 14:21:11 Rozpoczecie pobierania SHOTA:London Has Fallen
2018-01-28 14:21:12 Zakonczenie pobierania SHOTA:London Has Fallen
2018-01-28 14:21:12 Rozpoczecie pobierania SHOTA:The Legend of Tarzan
2018-01-28 14:21:12 Zakonczenie pobierania SHOTA:The Legend of Tarzan
2018-01-28 14:47:53 Rozpoczecie pobierania PLAKATU:Pirates of Carribean Dead Men tell No Tales
2018-01-28 14:47:53 Zakonczenie pobierania PLAKATU:Pirates of Carribean Dead Men tell No Tales
2018-01-28 14:47:53 Rozpoczecie pobierania PLAKATU:The Founder
2018-01-28 14:47:54 Zakonczenie pobierania PLAKATU:The Founder
2018-01-28 14:47:54 Rozpoczecie pobierania PLAKATU:Captain America: Civil War
2018-01-28 14:47:54 Zakonczenie pobierania PLAKATU:Captain America: Civil War
2018-01-28 14:47:54 Rozpoczecie pobierania PLAKATU:Spectre
2018-01-28 14:47:54 Zakonczenie pobierania PLAKATU:Spectre
2018-01-28 14:47:55 Rozpoczecie pobierania PLAKATU:Rings
2018-01-28 14:47:55 Zakonczenie pobierania PLAKATU:Rings
2018-01-28 14:47:55 Rozpoczecie pobierania PLAKATU:Blade Runner 2049
2018-01-28 14:47:56 Zakonczenie pobierania PLAKATU:Blade Runner 2049
2018-01-28 14:47:56 Rozpoczecie pobierania PLAKATU:Thor
2018-01-28 14:47:57 Zakonczenie pobierania PLAKATU:Thor
2018-01-28 14:47:57 Rozpoczecie pobierania PLAKATU:Get Out
2018-01-28 14:47:58 Zakonczenie pobierania PLAKATU:Get Out
2018-01-28 14:47:58 Rozpoczecie pobierania PLAKATU:Star Wars: The Last Jedi
2018-01-28 14:47:59 Zakonczenie pobierania PLAKATU:Star Wars: The Last Jedi
2018-01-28 14:47:59 Rozpoczecie pobierania PLAKATU:London Has Fallen
2018-01-28 14:47:59 Zakonczenie pobierania PLAKATU:London Has Fallen
2018-01-28 14:47:59 Rozpoczecie pobierania PLAKATU:The Legend of Tarzan
2018-01-28 14:47:59 Zakonczenie pobierania PLAKATU:The Legend of Tarzan
2018-01-28 14:47:59 Rozpoczecie pobierania SHOTA:Pirates of Carribean Dead Men tell No Tales
2018-01-28 14:48:00 Zakonczenie pobierania SHOTA:Pirates of Carribean Dead Men tell No Tales
2018-01-28 14:48:00 Rozpoczecie pobierania SHOTA:The Founder
2018-01-28 14:48:00 Zakonczenie pobierania SHOTA:The Founder
2018-01-28 14:48:00 Rozpoczecie pobierania SHOTA:Captain America: Civil War
2018-01-28 14:48:01 Zakonczenie pobierania SHOTA:Captain America: Civil War
2018-01-28 14:48:01 Rozpoczecie pobierania SHOTA:Spectre
2018-01-28 14:48:01 Zakonczenie pobierania SHOTA:Spectre
2018-01-28 14:48:01 Rozpoczecie pobierania SHOTA:Rings
2018-01-28 14:48:01 Zakonczenie pobierania SHOTA:Rings
2018-01-28 14:48:01 Rozpoczecie pobierania SHOTA:Blade Runner 2049
2018-01-28 14:48:01 Zakonczenie pobierania SHOTA:Blade Runner 2049
2018-01-28 14:48:01 Rozpoczecie pobierania SHOTA:Thor
2018-01-28 14:48:02 Zakonczenie pobierania SHOTA:Thor
2018-01-28 14:48:02 Rozpoczecie pobierania SHOTA:Get Out
2018-01-28 14:48:02 Zakonczenie pobierania SHOTA:Get Out
2018-01-28 14:48:02 Rozpoczecie pobierania SHOTA:Star Wars: The Last Jedi
2018-01-28 14:48:03 Zakonczenie pobierania SHOTA:Star Wars: The Last Jedi
2018-01-28 14:48:03 Rozpoczecie pobierania SHOTA:London Has Fallen
2018-01-28 14:48:03 Zakonczenie pobierania SHOTA:London Has Fallen
2018-01-28 14:48:03 Rozpoczecie pobierania SHOTA:The Legend of Tarzan
2018-01-28 14:48:04 Zakonczenie pobierania SHOTA:The Legend of Tarzan
2018-01-28 14:53:55 Rozpoczecie pobierania PLAKATU:Pirates of Carribean Dead Men tell No Tales
2018-01-28 14:53:55 Zakonczenie pobierania PLAKATU:Pirates of Carribean Dead Men tell No Tales
2018-01-28 14:53:55 Rozpoczecie pobierania PLAKATU:The Founder
2018-01-28 14:53:56 Zakonczenie pobierania PLAKATU:The Founder
2018-01-28 14:53:56 Rozpoczecie pobierania PLAKATU:Captain America: Civil War
2018-01-28 14:53:56 Zakonczenie pobierania PLAKATU:Captain America: Civil War
2018-01-28 14:53:56 Rozpoczecie pobierania PLAKATU:Spectre
2018-01-28 14:53:56 Zakonczenie pobierania PLAKATU:Spectre
2018-01-28 14:53:56 Rozpoczecie pobierania PLAKATU:Rings
2018-01-28 14:53:57 Zakonczenie pobierania PLAKATU:Rings
2018-01-28 14:53:57 Rozpoczecie pobierania PLAKATU:Blade Runner 2049
2018-01-28 14:53:58 Zakonczenie pobierania PLAKATU:Blade Runner 2049
2018-01-28 14:53:58 Rozpoczecie pobierania PLAKATU:Thor
2018-01-28 14:53:58 Zakonczenie pobierania PLAKATU:Thor
2018-01-28 14:53:58 Rozpoczecie pobierania PLAKATU:Get Out
2018-01-28 14:53:58 Zakonczenie pobierania PLAKATU:Get Out
2018-01-28 14:53:58 Rozpoczecie pobierania PLAKATU:Star Wars: The Last Jedi
2018-01-28 14:53:59 Zakonczenie pobierania PLAKATU:Star Wars: The Last Jedi
2018-01-28 14:53:59 Rozpoczecie pobierania PLAKATU:London Has Fallen
2018-01-28 14:54:00 Zakonczenie pobierania PLAKATU:London Has Fallen
2018-01-28 14:54:00 Rozpoczecie pobierania PLAKATU:The Legend of Tarzan
2018-01-28 14:54:00 Zakonczenie pobierania PLAKATU:The Legend of Tarzan
2018-01-28 14:54:00 Rozpoczecie pobierania SHOTA:Pirates of Carribean Dead Men tell No Tales
2018-01-28 14:54:00 Zakonczenie pobierania SHOTA:Pirates of Carribean Dead Men tell No Tales
2018-01-28 14:54:00 Rozpoczecie pobierania SHOTA:The Founder
2018-01-28 14:54:01 Zakonczenie pobierania SHOTA:The Founder
2018-01-28 14:54:01 Rozpoczecie pobierania SHOTA:Captain America: Civil War
2018-01-28 14:54:02 Zakonczenie pobierania SHOTA:Captain America: Civil War
2018-01-28 14:54:02 Rozpoczecie pobierania SHOTA:Spectre
2018-01-28 14:54:02 Zakonczenie pobierania SHOTA:Spectre
2018-01-28 14:54:02 Rozpoczecie pobierania SHOTA:Rings
2018-01-28 14:54:03 Zakonczenie pobierania SHOTA:Rings
2018-01-28 14:54:03 Rozpoczecie pobierania SHOTA:Blade Runner 2049
2018-01-28 14:54:03 Zakonczenie pobierania SHOTA:Blade Runner 2049
2018-01-28 14:54:03 Rozpoczecie pobierania SHOTA:Thor
2018-01-28 14:54:04 Zakonczenie pobierania SHOTA:Thor
2018-01-28 14:54:04 Rozpoczecie pobierania SHOTA:Get Out
2018-01-28 14:54:04 Zakonczenie pobierania SHOTA:Get Out
2018-01-28 14:54:04 Rozpoczecie pobierania SHOTA:Star Wars: The Last Jedi
2018-01-28 14:54:05 Zakonczenie pobierania SHOTA:Star Wars: The Last Jedi
2018-01-28 14:54:05 Rozpoczecie pobierania SHOTA:London Has Fallen
2018-01-28 14:54:05 Zakonczenie pobierania SHOTA:London Has Fallen
2018-01-28 14:54:05 Rozpoczecie pobierania SHOTA:The Legend of Tarzan
2018-01-28 14:54:06 Zakonczenie pobierania SHOTA:The Legend of Tarzan
2018-01-28 15:33:07 Rozpoczecie pobierania PLAKATU:Pirates of Carribean Dead Men tell No Tales
2018-01-28 15:33:07 Zakonczenie pobierania PLAKATU:Pirates of Carribean Dead Men tell No Tales
2018-01-28 15:33:07 Rozpoczecie pobierania PLAKATU:The Founder
2018-01-28 15:33:08 Zakonczenie pobierania PLAKATU:The Founder
2018-01-28 15:33:08 Rozpoczecie pobierania PLAKATU:Captain America: Civil War
2018-01-28 15:33:08 Zakonczenie pobierania PLAKATU:Captain America: Civil War
2018-01-28 15:33:08 Rozpoczecie pobierania PLAKATU:Spectre
2018-01-28 15:33:08 Zakonczenie pobierania PLAKATU:Spectre
2018-01-28 15:33:08 Rozpoczecie pobierania PLAKATU:Rings
2018-01-28 15:33:09 Zakonczenie pobierania PLAKATU:Rings
2018-01-28 15:33:09 Rozpoczecie pobierania PLAKATU:Blade Runner 2049
2018-01-28 15:33:09 Zakonczenie pobierania PLAKATU:Blade Runner 2049
2018-01-28 15:33:09 Rozpoczecie pobierania PLAKATU:Thor
2018-01-28 15:33:10 Zakonczenie pobierania PLAKATU:Thor
2018-01-28 15:33:10 Rozpoczecie pobierania PLAKATU:Get Out
2018-01-28 15:33:10 Zakonczenie pobierania PLAKATU:Get Out
2018-01-28 15:33:10 Rozpoczecie pobierania PLAKATU:Star Wars: The Last Jedi
2018-01-28 15:33:10 Zakonczenie pobierania PLAKATU:Star Wars: The Last Jedi
2018-01-28 15:33:10 Rozpoczecie pobierania PLAKATU:London Has Fallen
2018-01-28 15:33:11 Zakonczenie pobierania PLAKATU:London Has Fallen
2018-01-28 15:33:11 Rozpoczecie pobierania PLAKATU:The Legend of Tarzan
2018-01-28 15:33:11 Zakonczenie pobierania PLAKATU:The Legend of Tarzan
2018-01-28 15:33:11 Rozpoczecie pobierania SHOTA:Pirates of Carribean Dead Men tell No Tales
2018-01-28 15:33:11 Zakonczenie pobierania SHOTA:Pirates of Carribean Dead Men tell No Tales
2018-01-28 15:33:11 Rozpoczecie pobierania SHOTA:The Founder
2018-01-28 15:33:11 Zakonczenie pobierania SHOTA:The Founder
2018-01-28 15:33:11 Rozpoczecie pobierania SHOTA:Captain America: Civil War
2018-01-28 15:33:12 Zakonczenie pobierania SHOTA:Captain America: Civil War
2018-01-28 15:33:12 Rozpoczecie pobierania SHOTA:Spectre
2018-01-28 15:33:12 Zakonczenie pobierania SHOTA:Spectre
2018-01-28 15:33:12 Rozpoczecie pobierania SHOTA:Rings
2018-01-28 15:33:13 Zakonczenie pobierania SHOTA:Rings
2018-01-28 15:33:13 Rozpoczecie pobierania SHOTA:Blade Runner 2049
2018-01-28 15:33:13 Zakonczenie pobierania SHOTA:Blade Runner 2049
2018-01-28 15:33:13 Rozpoczecie pobierania SHOTA:Thor
2018-01-28 15:33:13 Zakonczenie pobierania SHOTA:Thor
2018-01-28 15:33:13 Rozpoczecie pobierania SHOTA:Get Out
2018-01-28 15:33:14 Zakonczenie pobierania SHOTA:Get Out
2018-01-28 15:33:14 Rozpoczecie pobierania SHOTA:Star Wars: The Last Jedi
2018-01-28 15:33:14 Zakonczenie pobierania SHOTA:Star Wars: The Last Jedi
2018-01-28 15:33:14 Rozpoczecie pobierania SHOTA:London Has Fallen
2018-01-28 15:33:15 Zakonczenie pobierania SHOTA:London Has Fallen
2018-01-28 15:33:15 Rozpoczecie pobierania SHOTA:The Legend of Tarzan
2018-01-28 15:33:15 Zakonczenie pobierania SHOTA:The Legend of Tarzan
2018-01-28 15:37:52 Rozpoczecie pobierania PLAKATU:Pirates of Carribean Dead Men tell No Tales
2018-01-28 15:37:52 Zakonczenie pobierania PLAKATU:Pirates of Carribean Dead Men tell No Tales
2018-01-28 15:37:52 Rozpoczecie pobierania PLAKATU:The Founder
2018-01-28 15:37:53 Zakonczenie pobierania PLAKATU:The Founder
2018-01-28 15:37:53 Rozpoczecie pobierania PLAKATU:Captain America: Civil War
2018-01-28 15:37:53 Zakonczenie pobierania PLAKATU:Captain America: Civil War
2018-01-28 15:37:53 Rozpoczecie pobierania PLAKATU:Spectre
2018-01-28 15:37:53 Zakonczenie pobierania PLAKATU:Spectre
2018-01-28 15:37:54 Rozpoczecie pobierania PLAKATU:Rings
2018-01-28 15:37:54 Zakonczenie pobierania PLAKATU:Rings
2018-01-28 15:37:54 Rozpoczecie pobierania PLAKATU:Blade Runner 2049
2018-01-28 15:37:55 Zakonczenie pobierania PLAKATU:Blade Runner 2049
2018-01-28 15:37:55 Rozpoczecie pobierania PLAKATU:Thor
2018-01-28 15:37:55 Zakonczenie pobierania PLAKATU:Thor
2018-01-28 15:37:55 Rozpoczecie pobierania PLAKATU:Get Out
2018-01-28 15:37:55 Zakonczenie pobierania PLAKATU:Get Out
2018-01-28 15:37:55 Rozpoczecie pobierania PLAKATU:Star Wars: The Last Jedi
2018-01-28 15:37:56 Zakonczenie pobierania PLAKATU:Star Wars: The Last Jedi
2018-01-28 15:37:56 Rozpoczecie pobierania PLAKATU:London Has Fallen
2018-01-28 15:37:56 Zakonczenie pobierania PLAKATU:London Has Fallen
2018-01-28 15:37:56 Rozpoczecie pobierania PLAKATU:The Legend of Tarzan
2018-01-28 15:37:56 Zakonczenie pobierania PLAKATU:The Legend of Tarzan
2018-01-28 15:37:56 Rozpoczecie pobierania SHOTA:Pirates of Carribean Dead Men tell No Tales
2018-01-28 15:37:56 Zakonczenie pobierania SHOTA:Pirates of Carribean Dead Men tell No Tales
2018-01-28 15:37:56 Rozpoczecie pobierania SHOTA:The Founder
2018-01-28 15:37:57 Zakonczenie pobierania SHOTA:The Founder
2018-01-28 15:37:57 Rozpoczecie pobierania SHOTA:Captain America: Civil War
2018-01-28 15:37:57 Zakonczenie pobierania SHOTA:Captain America: Civil War
2018-01-28 15:37:57 Rozpoczecie pobierania SHOTA:Spectre
2018-01-28 15:37:58 Zakonczenie pobierania SHOTA:Spectre
2018-01-28 15:37:58 Rozpoczecie pobierania SHOTA:Rings
2018-01-28 15:37:58 Zakonczenie pobierania SHOTA:Rings
2018-01-28 15:37:58 Rozpoczecie pobierania SHOTA:Blade Runner 2049
2018-01-28 15:37:58 Zakonczenie pobierania SHOTA:Blade Runner 2049
2018-01-28 15:37:58 Rozpoczecie pobierania SHOTA:Thor
2018-01-28 15:37:59 Zakonczenie pobierania SHOTA:Thor
2018-01-28 15:37:59 Rozpoczecie pobierania SHOTA:Get Out
2018-01-28 15:37:59 Zakonczenie pobierania SHOTA:Get Out
2018-01-28 15:37:59 Rozpoczecie pobierania SHOTA:Star Wars: The Last Jedi
2018-01-28 15:38:00 Zakonczenie pobierania SHOTA:Star Wars: The Last Jedi
2018-01-28 15:38:00 Rozpoczecie pobierania SHOTA:London Has Fallen
2018-01-28 15:38:00 Zakonczenie pobierania SHOTA:London Has Fallen
2018-01-28 15:38:00 Rozpoczecie pobierania SHOTA:The Legend of Tarzan
2018-01-28 15:38:00 Zakonczenie pobierania SHOTA:The Legend of Tarzan
2018-01-28 15:41:35 Rozpoczecie pobierania PLAKATU:Pirates of Carribean Dead Men tell No Tales
2018-01-28 15:41:35 Zakonczenie pobierania PLAKATU:Pirates of Carribean Dead Men tell No Tales
2018-01-28 15:41:35 Rozpoczecie pobierania PLAKATU:The Founder
2018-01-28 15:41:35 Zakonczenie pobierania PLAKATU:The Founder
2018-01-28 15:41:35 Rozpoczecie pobierania PLAKATU:Captain America: Civil War
2018-01-28 15:41:35 Zakonczenie pobierania PLAKATU:Captain America: Civil War
2018-01-28 15:41:35 Rozpoczecie pobierania PLAKATU:Spectre
2018-01-28 15:41:36 Zakonczenie pobierania PLAKATU:Spectre
2018-01-28 15:41:36 Rozpoczecie pobierania PLAKATU:Rings
2018-01-28 15:41:36 Zakonczenie pobierania PLAKATU:Rings
2018-01-28 15:41:36 Rozpoczecie pobierania PLAKATU:Blade Runner 2049
2018-01-28 15:41:37 Zakonczenie pobierania PLAKATU:Blade Runner 2049
2018-01-28 15:41:37 Rozpoczecie pobierania PLAKATU:Thor
2018-01-28 15:41:37 Zakonczenie pobierania PLAKATU:Thor
2018-01-28 15:41:37 Rozpoczecie pobierania PLAKATU:Get Out
2018-01-28 15:41:37 Zakonczenie pobierania PLAKATU:Get Out
2018-01-28 15:41:37 Rozpoczecie pobierania PLAKATU:Star Wars: The Last Jedi
2018-01-28 15:41:38 Zakonczenie pobierania PLAKATU:Star Wars: The Last Jedi
2018-01-28 15:41:38 Rozpoczecie pobierania PLAKATU:London Has Fallen
2018-01-28 15:41:38 Zakonczenie pobierania PLAKATU:London Has Fallen
2018-01-28 15:41:38 Rozpoczecie pobierania PLAKATU:The Legend of Tarzan
2018-01-28 15:41:38 Zakonczenie pobierania PLAKATU:The Legend of Tarzan
2018-01-28 15:41:38 Rozpoczecie pobierania SHOTA:Pirates of Carribean Dead Men tell No Tales
2018-01-28 15:41:39 Zakonczenie pobierania SHOTA:Pirates of Carribean Dead Men tell No Tales
2018-01-28 15:41:39 Rozpoczecie pobierania SHOTA:The Founder
2018-01-28 15:41:39 Zakonczenie pobierania SHOTA:The Founder
2018-01-28 15:41:39 Rozpoczecie pobierania SHOTA:Captain America: Civil War
2018-01-28 15:41:39 Zakonczenie pobierania SHOTA:Captain America: Civil War
2018-01-28 15:41:39 Rozpoczecie pobierania SHOTA:Spectre
2018-01-28 15:41:39 Zakonczenie pobierania SHOTA:Spectre
2018-01-28 15:41:39 Rozpoczecie pobierania SHOTA:Rings
2018-01-28 15:41:40 Zakonczenie pobierania SHOTA:Rings
2018-01-28 15:41:40 Rozpoczecie pobierania SHOTA:Blade Runner 2049
2018-01-28 15:41:40 Zakonczenie pobierania SHOTA:Blade Runner 2049
2018-01-28 15:41:40 Rozpoczecie pobierania SHOTA:Thor
2018-01-28 15:41:41 Zakonczenie pobierania SHOTA:Thor
2018-01-28 15:41:41 Rozpoczecie pobierania SHOTA:Get Out
2018-01-28 15:41:41 Zakonczenie pobierania SHOTA:Get Out
2018-01-28 15:41:41 Rozpoczecie pobierania SHOTA:Star Wars: The Last Jedi
2018-01-28 15:41:42 Zakonczenie pobierania SHOTA:Star Wars: The Last Jedi
2018-01-28 15:41:42 Rozpoczecie pobierania SHOTA:London Has Fallen
2018-01-28 15:41:42 Zakonczenie pobierania SHOTA:London Has Fallen
2018-01-28 15:41:42 Rozpoczecie pobierania SHOTA:The Legend of Tarzan
2018-01-28 15:41:43 Zakonczenie pobierania SHOTA:The Legend of Tarzan
2018-01-28 15:46:49 Rozpoczecie pobierania PLAKATU:Pirates of Carribean Dead Men tell No Tales
2018-01-28 15:46:49 Zakonczenie pobierania PLAKATU:Pirates of Carribean Dead Men tell No Tales
2018-01-28 15:46:49 Rozpoczecie pobierania PLAKATU:The Founder
2018-01-28 15:46:50 Zakonczenie pobierania PLAKATU:The Founder
2018-01-28 15:46:50 Rozpoczecie pobierania PLAKATU:Captain America: Civil War
2018-01-28 15:46:50 Zakonczenie pobierania PLAKATU:Captain America: Civil War
2018-01-28 15:46:50 Rozpoczecie pobierania PLAKATU:Spectre
2018-01-28 15:46:50 Zakonczenie pobierania PLAKATU:Spectre
2018-01-28 15:46:51 Rozpoczecie pobierania PLAKATU:Rings
2018-01-28 15:46:51 Zakonczenie pobierania PLAKATU:Rings
2018-01-28 15:46:51 Rozpoczecie pobierania PLAKATU:Blade Runner 2049
2018-01-28 15:46:52 Zakonczenie pobierania PLAKATU:Blade Runner 2049
2018-01-28 15:46:52 Rozpoczecie pobierania PLAKATU:Thor
2018-01-28 15:46:52 Zakonczenie pobierania PLAKATU:Thor
2018-01-28 15:46:52 Rozpoczecie pobierania PLAKATU:Get Out
2018-01-28 15:46:53 Zakonczenie pobierania PLAKATU:Get Out
2018-01-28 15:46:53 Rozpoczecie pobierania PLAKATU:Star Wars: The Last Jedi
2018-01-28 15:46:53 Zakonczenie pobierania PLAKATU:Star Wars: The Last Jedi
2018-01-28 15:46:53 Rozpoczecie pobierania PLAKATU:London Has Fallen
2018-01-28 15:46:54 Zakonczenie pobierania PLAKATU:London Has Fallen
2018-01-28 15:46:54 Rozpoczecie pobierania PLAKATU:The Legend of Tarzan
2018-01-28 15:46:54 Zakonczenie pobierania PLAKATU:The Legend of Tarzan
2018-01-28 15:46:54 Rozpoczecie pobierania SHOTA:Pirates of Carribean Dead Men tell No Tales
2018-01-28 15:46:55 Zakonczenie pobierania SHOTA:Pirates of Carribean Dead Men tell No Tales
2018-01-28 15:46:55 Rozpoczecie pobierania SHOTA:The Founder
2018-01-28 15:46:55 Zakonczenie pobierania SHOTA:The Founder
2018-01-28 15:46:55 Rozpoczecie pobierania SHOTA:Captain America: Civil War
2018-01-28 15:46:55 Zakonczenie pobierania SHOTA:Captain America: Civil War
2018-01-28 15:46:55 Rozpoczecie pobierania SHOTA:Spectre
2018-01-28 15:46:55 Zakonczenie pobierania SHOTA:Spectre
2018-01-28 15:46:55 Rozpoczecie pobierania SHOTA:Rings
2018-01-28 15:46:56 Zakonczenie pobierania SHOTA:Rings
2018-01-28 15:46:56 Rozpoczecie pobierania SHOTA:Blade Runner 2049
2018-01-28 15:46:56 Zakonczenie pobierania SHOTA:Blade Runner 2049
2018-01-28 15:46:56 Rozpoczecie pobierania SHOTA:Thor
2018-01-28 15:46:57 Zakonczenie pobierania SHOTA:Thor
2018-01-28 15:46:57 Rozpoczecie pobierania SHOTA:Get Out
2018-01-28 15:46:57 Zakonczenie pobierania SHOTA:Get Out
2018-01-28 15:46:57 Rozpoczecie pobierania SHOTA:Star Wars: The Last Jedi
2018-01-28 15:46:58 Zakonczenie pobierania SHOTA:Star Wars: The Last Jedi
2018-01-28 15:46:58 Rozpoczecie pobierania SHOTA:London Has Fallen
2018-01-28 15:46:58 Zakonczenie pobierania SHOTA:London Has Fallen
2018-01-28 15:46:58 Rozpoczecie pobierania SHOTA:The Legend of Tarzan
2018-01-28 15:46:58 Zakonczenie pobierania SHOTA:The Legend of Tarzan
2018-01-28 15:47:59 Rozpoczecie pobierania PLAKATU:Pirates of Carribean Dead Men tell No Tales
2018-01-28 15:47:59 Zakonczenie pobierania PLAKATU:Pirates of Carribean Dead Men tell No Tales
2018-01-28 15:47:59 Rozpoczecie pobierania PLAKATU:The Founder
2018-01-28 15:47:59 Zakonczenie pobierania PLAKATU:The Founder
2018-01-28 15:47:59 Rozpoczecie pobierania PLAKATU:Captain America: Civil War
2018-01-28 15:48:00 Zakonczenie pobierania PLAKATU:Captain America: Civil War
2018-01-28 15:48:00 Rozpoczecie pobierania PLAKATU:Spectre
2018-01-28 15:48:00 Zakonczenie pobierania PLAKATU:Spectre
2018-01-28 15:48:00 Rozpoczecie pobierania PLAKATU:Rings
2018-01-28 15:48:01 Zakonczenie pobierania PLAKATU:Rings
2018-01-28 15:48:01 Rozpoczecie pobierania PLAKATU:Blade Runner 2049
2018-01-28 15:48:01 Zakonczenie pobierania PLAKATU:Blade Runner 2049
2018-01-28 15:48:01 Rozpoczecie pobierania PLAKATU:Thor
2018-01-28 15:48:02 Zakonczenie pobierania PLAKATU:Thor
2018-01-28 15:48:02 Rozpoczecie pobierania PLAKATU:Get Out
2018-01-28 15:48:02 Zakonczenie pobierania PLAKATU:Get Out
2018-01-28 15:48:02 Rozpoczecie pobierania PLAKATU:Star Wars: The Last Jedi
2018-01-28 15:48:03 Zakonczenie pobierania PLAKATU:Star Wars: The Last Jedi
2018-01-28 15:48:03 Rozpoczecie pobierania PLAKATU:London Has Fallen
2018-01-28 15:48:03 Zakonczenie pobierania PLAKATU:London Has Fallen
2018-01-28 15:48:03 Rozpoczecie pobierania PLAKATU:The Legend of Tarzan
2018-01-28 15:48:03 Zakonczenie pobierania PLAKATU:The Legend of Tarzan
2018-01-28 15:48:03 Rozpoczecie pobierania SHOTA:Pirates of Carribean Dead Men tell No Tales
2018-01-28 15:48:04 Zakonczenie pobierania SHOTA:Pirates of Carribean Dead Men tell No Tales
2018-01-28 15:48:04 Rozpoczecie pobierania SHOTA:The Founder
2018-01-28 15:48:04 Zakonczenie pobierania SHOTA:The Founder
2018-01-28 15:48:04 Rozpoczecie pobierania SHOTA:Captain America: Civil War
2018-01-28 15:48:04 Zakonczenie pobierania SHOTA:Captain America: Civil War
2018-01-28 15:48:04 Rozpoczecie pobierania SHOTA:Spectre
2018-01-28 15:48:04 Zakonczenie pobierania SHOTA:Spectre
2018-01-28 15:48:04 Rozpoczecie pobierania SHOTA:Rings
2018-01-28 15:48:05 Zakonczenie pobierania SHOTA:Rings
2018-01-28 15:48:05 Rozpoczecie pobierania SHOTA:Blade Runner 2049
2018-01-28 15:48:06 Zakonczenie pobierania SHOTA:Blade Runner 2049
2018-01-28 15:48:06 Rozpoczecie pobierania SHOTA:Thor
2018-01-28 15:48:06 Zakonczenie pobierania SHOTA:Thor
2018-01-28 15:48:06 Rozpoczecie pobierania SHOTA:Get Out
2018-01-28 15:48:06 Zakonczenie pobierania SHOTA:Get Out
2018-01-28 15:48:06 Rozpoczecie pobierania SHOTA:Star Wars: The Last Jedi
2018-01-28 15:48:07 Zakonczenie pobierania SHOTA:Star Wars: The Last Jedi
2018-01-28 15:48:07 Rozpoczecie pobierania SHOTA:London Has Fallen
2018-01-28 15:48:07 Zakonczenie pobierania SHOTA:London Has Fallen
2018-01-28 15:48:07 Rozpoczecie pobierania SHOTA:The Legend of Tarzan
2018-01-28 15:48:07 Zakonczenie pobierania SHOTA:The Legend of Tarzan
2018-01-28 15:48:41 Rozpoczecie pobierania PLAKATU:Pirates of Carribean Dead Men tell No Tales
2018-01-28 15:48:42 Zakonczenie pobierania PLAKATU:Pirates of Carribean Dead Men tell No Tales
2018-01-28 15:48:42 Rozpoczecie pobierania PLAKATU:The Founder
2018-01-28 15:48:43 Zakonczenie pobierania PLAKATU:The Founder
2018-01-28 15:48:43 Rozpoczecie pobierania PLAKATU:Captain America: Civil War
2018-01-28 15:48:43 Zakonczenie pobierania PLAKATU:Captain America: Civil War
2018-01-28 15:48:43 Rozpoczecie pobierania PLAKATU:Spectre
2018-01-28 15:48:43 Zakonczenie pobierania PLAKATU:Spectre
2018-01-28 15:48:43 Rozpoczecie pobierania PLAKATU:Rings
2018-01-28 15:48:44 Zakonczenie pobierania PLAKATU:Rings
2018-01-28 15:48:44 Rozpoczecie pobierania PLAKATU:Blade Runner 2049
2018-01-28 15:48:45 Zakonczenie pobierania PLAKATU:Blade Runner 2049
2018-01-28 15:48:45 Rozpoczecie pobierania PLAKATU:Thor
2018-01-28 15:48:45 Zakonczenie pobierania PLAKATU:Thor
2018-01-28 15:48:45 Rozpoczecie pobierania PLAKATU:Get Out
2018-01-28 15:48:46 Zakonczenie pobierania PLAKATU:Get Out
2018-01-28 15:48:46 Rozpoczecie pobierania PLAKATU:Star Wars: The Last Jedi
2018-01-28 15:48:46 Zakonczenie pobierania PLAKATU:Star Wars: The Last Jedi
2018-01-28 15:48:46 Rozpoczecie pobierania PLAKATU:London Has Fallen
2018-01-28 15:48:47 Zakonczenie pobierania PLAKATU:London Has Fallen
2018-01-28 15:48:47 Rozpoczecie pobierania PLAKATU:The Legend of Tarzan
2018-01-28 15:48:47 Zakonczenie pobierania PLAKATU:The Legend of Tarzan
2018-01-28 15:48:47 Rozpoczecie pobierania SHOTA:Pirates of Carribean Dead Men tell No Tales
2018-01-28 15:48:47 Zakonczenie pobierania SHOTA:Pirates of Carribean Dead Men tell No Tales
2018-01-28 15:48:47 Rozpoczecie pobierania SHOTA:The Founder
2018-01-28 15:48:48 Zakonczenie pobierania SHOTA:The Founder
2018-01-28 15:48:48 Rozpoczecie pobierania SHOTA:Captain America: Civil War
2018-01-28 15:48:48 Zakonczenie pobierania SHOTA:Captain America: Civil War
2018-01-28 15:48:48 Rozpoczecie pobierania SHOTA:Spectre
2018-01-28 15:48:49 Zakonczenie pobierania SHOTA:Spectre
2018-01-28 15:48:49 Rozpoczecie pobierania SHOTA:Rings
2018-01-28 15:48:49 Zakonczenie pobierania SHOTA:Rings
2018-01-28 15:48:49 Rozpoczecie pobierania SHOTA:Blade Runner 2049
2018-01-28 15:48:50 Zakonczenie pobierania SHOTA:Blade Runner 2049
2018-01-28 15:48:50 Rozpoczecie pobierania SHOTA:Thor
2018-01-28 15:48:50 Zakonczenie pobierania SHOTA:Thor
2018-01-28 15:48:50 Rozpoczecie pobierania SHOTA:Get Out
2018-01-28 15:48:50 Zakonczenie pobierania SHOTA:Get Out
2018-01-28 15:48:50 Rozpoczecie pobierania SHOTA:Star Wars: The Last Jedi
2018-01-28 15:48:51 Zakonczenie pobierania SHOTA:Star Wars: The Last Jedi
2018-01-28 15:48:51 Rozpoczecie pobierania SHOTA:London Has Fallen
2018-01-28 15:48:51 Zakonczenie pobierania SHOTA:London Has Fallen
2018-01-28 15:48:52 Rozpoczecie pobierania SHOTA:The Legend of Tarzan
2018-01-28 15:48:52 Zakonczenie pobierania SHOTA:The Legend of Tarzan
